This is XeTeX, Version 3.14159265-2.6-0.999991 (TeX Live 2019/Arch Linux) (preloaded format=xelatex 2019.9.12)  17 SEP 2019 19:38
entering extended mode
 \write18 enabled.
 Source specials enabled.
 file:line:error style messages enabled.
 %&-line parsing enabled.
**0x01.tex
(./0x01.tex
LaTeX2e <2018-12-01>
(/usr/share/texmf-dist/tex/latex/base/article.cls
Document Class: article 2018/09/03 v1.4i Standard LaTeX document class
(/usr/share/texmf-dist/tex/latex/base/size11.clo
File: size11.clo 2018/09/03 v1.4i Standard LaTeX file (size option)
)
\c@part=\count80
\c@section=\count81
\c@subsection=\count82
\c@subsubsection=\count83
\c@paragraph=\count84
\c@subparagraph=\count85
\c@figure=\count86
\c@table=\count87
\abovecaptionskip=\skip41
\belowcaptionskip=\skip42
\bibindent=\dimen102
) (/usr/share/texmf-dist/tex/latex/xcolor/xcolor.sty
Package: xcolor 2016/05/11 v2.12 LaTeX color extensions (UK)
 (/usr/share/texmf-dist/tex/latex/graphics-cfg/color.cfg
File: color.cfg 2016/01/02 v1.6 sample color configuration
)
Package xcolor Info: Driver file: xetex.def on input line 225.
 (/usr/share/texmf-dist/tex/latex/graphics-def/xetex.def
File: xetex.def 2017/06/24 v5.0h Graphics/color driver for xetex
)
Package xcolor Info: Model `cmy' substituted by `cmy0' on input line 1348.
Package xcolor Info: Model `RGB' extended on input line 1364.
Package xcolor Info: Model `HTML' substituted by `rgb' on input line 1366.
Package xcolor Info: Model `Hsb' substituted by `hsb' on input line 1367.
Package xcolor Info: Model `tHsb' substituted by `hsb' on input line 1368.
Package xcolor Info: Model `HSB' substituted by `hsb' on input line 1369.
Package xcolor Info: Model `Gray' substituted by `gray' on input line 1370.
Package xcolor Info: Model `wave' substituted by `hsb' on input line 1371.
) (/usr/share/texmf-dist/tex/latex/fontspec/fontspec.sty (/usr/share/texmf-dist/tex/latex/l3packages/xparse/xparse.sty (/usr/share/texmf-dist/tex/latex/l3kernel/expl3.sty
Package: expl3 2019-04-06 L3 programming layer (loader) 
 (/usr/share/texmf-dist/tex/latex/l3kernel/expl3-code.tex
Package: expl3 2019-04-06 L3 programming layer (code)
\c_max_int=\count88
\l_tmpa_int=\count89
\l_tmpb_int=\count90
\g_tmpa_int=\count91
\g_tmpb_int=\count92
\g__kernel_prg_map_int=\count93
\c__ior_term_ior=\count94
\c_log_iow=\count95
\l_iow_line_count_int=\count96
\l__iow_line_target_int=\count97
\l__iow_one_indent_int=\count98
\l__iow_indent_int=\count99
\c_zero_dim=\dimen103
\c_max_dim=\dimen104
\l_tmpa_dim=\dimen105
\l_tmpb_dim=\dimen106
\g_tmpa_dim=\dimen107
\g_tmpb_dim=\dimen108
\c_zero_skip=\skip43
\c_max_skip=\skip44
\l_tmpa_skip=\skip45
\l_tmpb_skip=\skip46
\g_tmpa_skip=\skip47
\g_tmpb_skip=\skip48
\c_zero_muskip=\muskip10
\c_max_muskip=\muskip11
\l_tmpa_muskip=\muskip12
\l_tmpb_muskip=\muskip13
\g_tmpa_muskip=\muskip14
\g_tmpb_muskip=\muskip15
\l_keys_choice_int=\count100
\l__intarray_loop_int=\count101
\c__intarray_sp_dim=\dimen109
\g__intarray_font_int=\count102
\c__fp_leading_shift_int=\count103
\c__fp_middle_shift_int=\count104
\c__fp_trailing_shift_int=\count105
\c__fp_big_leading_shift_int=\count106
\c__fp_big_middle_shift_int=\count107
\c__fp_big_trailing_shift_int=\count108
\c__fp_Bigg_leading_shift_int=\count109
\c__fp_Bigg_middle_shift_int=\count110
\c__fp_Bigg_trailing_shift_int=\count111
\g__fp_array_int=\count112
\l__fp_array_loop_int=\count113
\l__sort_length_int=\count114
\l__sort_min_int=\count115
\l__sort_top_int=\count116
\l__sort_max_int=\count117
\l__sort_true_max_int=\count118
\l__sort_block_int=\count119
\l__sort_begin_int=\count120
\l__sort_end_int=\count121
\l__sort_A_int=\count122
\l__sort_B_int=\count123
\l__sort_C_int=\count124
\l__tl_analysis_normal_int=\count125
\l__tl_analysis_index_int=\count126
\l__tl_analysis_nesting_int=\count127
\l__tl_analysis_type_int=\count128
\l__regex_internal_a_int=\count129
\l__regex_internal_b_int=\count130
\l__regex_internal_c_int=\count131
\l__regex_balance_int=\count132
\l__regex_group_level_int=\count133
\l__regex_mode_int=\count134
\c__regex_cs_in_class_mode_int=\count135
\c__regex_cs_mode_int=\count136
\l__regex_catcodes_int=\count137
\l__regex_default_catcodes_int=\count138
\c__regex_catcode_L_int=\count139
\c__regex_catcode_O_int=\count140
\c__regex_catcode_A_int=\count141
\c__regex_all_catcodes_int=\count142
\l__regex_show_lines_int=\count143
\l__regex_min_state_int=\count144
\l__regex_max_state_int=\count145
\l__regex_left_state_int=\count146
\l__regex_right_state_int=\count147
\l__regex_capturing_group_int=\count148
\l__regex_min_pos_int=\count149
\l__regex_max_pos_int=\count150
\l__regex_curr_pos_int=\count151
\l__regex_start_pos_int=\count152
\l__regex_success_pos_int=\count153
\l__regex_curr_char_int=\count154
\l__regex_curr_catcode_int=\count155
\l__regex_last_char_int=\count156
\l__regex_case_changed_char_int=\count157
\l__regex_curr_state_int=\count158
\l__regex_step_int=\count159
\l__regex_min_active_int=\count160
\l__regex_max_active_int=\count161
\l__regex_replacement_csnames_int=\count162
\l__regex_match_count_int=\count163
\l__regex_min_submatch_int=\count164
\l__regex_submatch_int=\count165
\l__regex_zeroth_submatch_int=\count166
\g__regex_trace_regex_int=\count167
\c_empty_box=\box27
\l_tmpa_box=\box28
\l_tmpb_box=\box29
\g_tmpa_box=\box30
\g_tmpb_box=\box31
\l__box_top_dim=\dimen110
\l__box_bottom_dim=\dimen111
\l__box_left_dim=\dimen112
\l__box_right_dim=\dimen113
\l__box_top_new_dim=\dimen114
\l__box_bottom_new_dim=\dimen115
\l__box_left_new_dim=\dimen116
\l__box_right_new_dim=\dimen117
\l__box_internal_box=\box32
\l__coffin_internal_box=\box33
\l__coffin_internal_dim=\dimen118
\l__coffin_offset_x_dim=\dimen119
\l__coffin_offset_y_dim=\dimen120
\l__coffin_x_dim=\dimen121
\l__coffin_y_dim=\dimen122
\l__coffin_x_prime_dim=\dimen123
\l__coffin_y_prime_dim=\dimen124
\c_empty_coffin=\box34
\l__coffin_aligned_coffin=\box35
\l__coffin_aligned_internal_coffin=\box36
\l_tmpa_coffin=\box37
\l_tmpb_coffin=\box38
\g_tmpa_coffin=\box39
\g_tmpb_coffin=\box40
\l__coffin_bounding_shift_dim=\dimen125
\l__coffin_left_corner_dim=\dimen126
\l__coffin_right_corner_dim=\dimen127
\l__coffin_bottom_corner_dim=\dimen128
\l__coffin_top_corner_dim=\dimen129
\l__coffin_scaled_total_height_dim=\dimen130
\l__coffin_scaled_width_dim=\dimen131
\c__coffin_empty_coffin=\box41
\l__coffin_display_coffin=\box42
\l__coffin_display_coord_coffin=\box43
\l__coffin_display_pole_coffin=\box44
\l__coffin_display_offset_dim=\dimen132
\l__coffin_display_x_dim=\dimen133
\l__coffin_display_y_dim=\dimen134
\g__file_internal_ior=\read1
\l__seq_internal_a_int=\count168
\l__seq_internal_b_int=\count169
\c__deprecation_minus_one=\count170
) (/usr/share/texmf-dist/tex/latex/l3kernel/l3xdvipdfmx.def
File: l3xdvipdfmx.def 2019-04-06 v L3 Experimental driver: xdvipdfmx
\g__driver_image_int=\count171
\g__driver_pdf_object_int=\count172
))
Package: xparse 2019-03-05 L3 Experimental document command parser
\l__xparse_current_arg_int=\count173
\g__xparse_grabber_int=\count174
\l__xparse_m_args_int=\count175
\l__xparse_v_nesting_int=\count176
)
Package: fontspec 2019/03/15 v2.7c Font selection for XeLaTeX and LuaLaTeX
 (/usr/share/texmf-dist/tex/latex/fontspec/fontspec-xetex.sty
Package: fontspec-xetex 2019/03/15 v2.7c Font selection for XeLaTeX and LuaLaTeX
\l__fontspec_script_int=\count177
\l__fontspec_language_int=\count178
\l__fontspec_strnum_int=\count179
\l__fontspec_tmp_int=\count180
\l__fontspec_tmpa_int=\count181
\l__fontspec_tmpb_int=\count182
\l__fontspec_tmpc_int=\count183
\l__fontspec_em_int=\count184
\l__fontspec_emdef_int=\count185
\l__fontspec_strong_int=\count186
\l__fontspec_strongdef_int=\count187
\l__fontspec_tmpa_dim=\dimen135
\l__fontspec_tmpb_dim=\dimen136
\l__fontspec_tmpc_dim=\dimen137
 (/usr/share/texmf-dist/tex/latex/base/fontenc.sty
Package: fontenc 2018/08/11 v2.0j Standard LaTeX package
 (/usr/share/texmf-dist/tex/latex/base/tuenc.def
File: tuenc.def 2018/08/11 v2.0j Standard LaTeX file
LaTeX Font Info:    Redeclaring font encoding TU on input line 82.
)) (/usr/share/texmf-dist/tex/latex/fontspec/fontspec.cfg)
LaTeX Info: Redefining \itshape on input line 4051.
LaTeX Info: Redefining \slshape on input line 4056.
LaTeX Info: Redefining \scshape on input line 4061.
LaTeX Info: Redefining \upshape on input line 4066.
LaTeX Info: Redefining \em on input line 4096.
LaTeX Info: Redefining \emph on input line 4121.
)) (/usr/share/texmf-dist/tex/xelatex/xunicode/xunicode.sty
File: xunicode.sty 2011/09/09 v0.981 provides access to latin accents and many other characters in Unicode lower plane
 (/usr/share/texmf-dist/tex/latex/tipa/t3enc.def
File: t3enc.def 2001/12/31 T3 encoding
)
\tipaTiiicode=\count188
\tipasavetokens=\toks14
\tipachecktokens=\toks15
 (/usr/share/texmf-dist/tex/latex/graphics/graphicx.sty
Package: graphicx 2017/06/01 v1.1a Enhanced LaTeX Graphics (DPC,SPQR)
 (/usr/share/texmf-dist/tex/latex/graphics/keyval.sty
Package: keyval 2014/10/28 v1.15 key=value parser (DPC)
\KV@toks@=\toks16
) (/usr/share/texmf-dist/tex/latex/graphics/graphics.sty
Package: graphics 2017/06/25 v1.2c Standard LaTeX Graphics (DPC,SPQR)
 (/usr/share/texmf-dist/tex/latex/graphics/trig.sty
Package: trig 2016/01/03 v1.10 sin cos tan (DPC)
) (/usr/share/texmf-dist/tex/latex/graphics-cfg/graphics.cfg
File: graphics.cfg 2016/06/04 v1.11 sample graphics configuration
)
Package graphics Info: Driver file: xetex.def on input line 99.
)
\Gin@req@height=\dimen138
\Gin@req@width=\dimen139
)) (/usr/share/texmf-dist/tex/xelatex/xltxtra/xltxtra.sty
Package: xltxtra 2018/12/31 v0.7 Improvements for the "XeLaTeX" format
 (/usr/share/texmf-dist/tex/generic/oberdiek/ifluatex.sty
Package: ifluatex 2016/05/16 v1.4 Provides the ifluatex switch (HO)
Package ifluatex Info: LuaTeX not detected.
) (/usr/share/texmf-dist/tex/generic/ifxetex/ifxetex.sty
Package: ifxetex 2010/09/12 v0.6 Provides ifxetex conditional
) (/usr/share/texmf-dist/tex/latex/realscripts/realscripts.sty
Package: realscripts 2016/02/13 v0.3d Access OpenType subscripts and superscripts
\subsupersep=\dimen140
) (/usr/share/texmf-dist/tex/latex/metalogo/metalogo.sty
Package: metalogo 2010/05/29 v0.12 Extended TeX logo macros
\xl@everylogo=\toks17
\xl@@everylogo=\toks18
LaTeX Info: Redefining \TeX on input line 193.
LaTeX Info: Redefining \LaTeX on input line 202.
LaTeX Info: Redefining \LaTeXe on input line 219.
)
\l__xetex_show_hyphens_wrapping_box=\box45
\l__xetex_show_hyphens_temp_box=\box46
\l__xetex_show_hyphens_final_box=\box47
\g__xetex_show_hyphens_word_box=\box48
) (/usr/share/texmf-dist/tex/latex/geometry/geometry.sty
Package: geometry 2018/04/16 v5.8 Page Geometry
 (/usr/share/texmf-dist/tex/generic/oberdiek/ifpdf.sty
Package: ifpdf 2018/09/07 v3.3 Provides the ifpdf switch
) (/usr/share/texmf-dist/tex/generic/oberdiek/ifvtex.sty
Package: ifvtex 2016/05/16 v1.6 Detect VTeX and its facilities (HO)
Package ifvtex Info: VTeX not detected.
)
\Gm@cnth=\count189
\Gm@cntv=\count190
\c@Gm@tempcnt=\count191
\Gm@bindingoffset=\dimen141
\Gm@wd@mp=\dimen142
\Gm@odd@mp=\dimen143
\Gm@even@mp=\dimen144
\Gm@layoutwidth=\dimen145
\Gm@layoutheight=\dimen146
\Gm@layouthoffset=\dimen147
\Gm@layoutvoffset=\dimen148
\Gm@dimlist=\toks19
) (temp/0x01.aux)
\openout1 = `0x01.aux'.

LaTeX Font Info:    Checking defaults for OML/cmm/m/it on input line 7.
LaTeX Font Info:    ... okay on input line 7.
LaTeX Font Info:    Checking defaults for T1/cmr/m/n on input line 7.
LaTeX Font Info:    ... okay on input line 7.
LaTeX Font Info:    Checking defaults for OT1/cmr/m/n on input line 7.
LaTeX Font Info:    ... okay on input line 7.
LaTeX Font Info:    Checking defaults for OMS/cmsy/m/n on input line 7.
LaTeX Font Info:    ... okay on input line 7.
LaTeX Font Info:    Checking defaults for TU/lmr/m/n on input line 7.
LaTeX Font Info:    ... okay on input line 7.
LaTeX Font Info:    Checking defaults for OMX/cmex/m/n on input line 7.
LaTeX Font Info:    ... okay on input line 7.
LaTeX Font Info:    Checking defaults for U/cmr/m/n on input line 7.
LaTeX Font Info:    ... okay on input line 7.
LaTeX Font Info:    Checking defaults for T3/cmr/m/n on input line 7.
LaTeX Font Info:    Try loading font information for T3+cmr on input line 7.
 (/usr/share/texmf-dist/tex/latex/tipa/t3cmr.fd
File: t3cmr.fd 2001/12/31 TIPA font definitions
)
LaTeX Font Info:    ... okay on input line 7.

Package fontspec Info: Adjusting the maths setup (use [no-math] to avoid
(fontspec)             this).

\symlegacymaths=\mathgroup4
LaTeX Font Info:    Overwriting symbol font `legacymaths' in version `bold'
(Font)                  OT1/cmr/m/n --> OT1/cmr/bx/n on input line 7.
LaTeX Font Info:    Redeclaring math accent \acute on input line 7.
LaTeX Font Info:    Redeclaring math accent \grave on input line 7.
LaTeX Font Info:    Redeclaring math accent \ddot on input line 7.
LaTeX Font Info:    Redeclaring math accent \tilde on input line 7.
LaTeX Font Info:    Redeclaring math accent \bar on input line 7.
LaTeX Font Info:    Redeclaring math accent \breve on input line 7.
LaTeX Font Info:    Redeclaring math accent \check on input line 7.
LaTeX Font Info:    Redeclaring math accent \hat on input line 7.
LaTeX Font Info:    Redeclaring math accent \dot on input line 7.
LaTeX Font Info:    Redeclaring math accent \mathring on input line 7.
LaTeX Font Info:    Redeclaring math symbol \colon on input line 7.
LaTeX Font Info:    Redeclaring math symbol \Gamma on input line 7.
LaTeX Font Info:    Redeclaring math symbol \Delta on input line 7.
LaTeX Font Info:    Redeclaring math symbol \Theta on input line 7.
LaTeX Font Info:    Redeclaring math symbol \Lambda on input line 7.
LaTeX Font Info:    Redeclaring math symbol \Xi on input line 7.
LaTeX Font Info:    Redeclaring math symbol \Pi on input line 7.
LaTeX Font Info:    Redeclaring math symbol \Sigma on input line 7.
LaTeX Font Info:    Redeclaring math symbol \Upsilon on input line 7.
LaTeX Font Info:    Redeclaring math symbol \Phi on input line 7.
LaTeX Font Info:    Redeclaring math symbol \Psi on input line 7.
LaTeX Font Info:    Redeclaring math symbol \Omega on input line 7.
LaTeX Font Info:    Redeclaring math symbol \mathdollar on input line 7.
LaTeX Font Info:    Redeclaring symbol font `operators' on input line 7.
LaTeX Font Info:    Encoding `OT1' has changed to `TU' for symbol font
(Font)              `operators' in the math version `normal' on input line 7.
LaTeX Font Info:    Overwriting symbol font `operators' in version `normal'
(Font)                  OT1/cmr/m/n --> TU/lmr/m/n on input line 7.
LaTeX Font Info:    Encoding `OT1' has changed to `TU' for symbol font
(Font)              `operators' in the math version `bold' on input line 7.
LaTeX Font Info:    Overwriting symbol font `operators' in version `bold'
(Font)                  OT1/cmr/bx/n --> TU/lmr/m/n on input line 7.
LaTeX Font Info:    Overwriting symbol font `operators' in version `normal'
(Font)                  TU/lmr/m/n --> TU/lmr/m/n on input line 7.
LaTeX Font Info:    Overwriting math alphabet `\mathit' in version `normal'
(Font)                  OT1/cmr/m/it --> TU/lmr/m/it on input line 7.
LaTeX Font Info:    Overwriting math alphabet `\mathbf' in version `normal'
(Font)                  OT1/cmr/bx/n --> TU/lmr/bx/n on input line 7.
LaTeX Font Info:    Overwriting math alphabet `\mathsf' in version `normal'
(Font)                  OT1/cmss/m/n --> TU/lmss/m/n on input line 7.
LaTeX Font Info:    Overwriting math alphabet `\mathtt' in version `normal'
(Font)                  OT1/cmtt/m/n --> TU/lmtt/m/n on input line 7.
LaTeX Font Info:    Overwriting symbol font `operators' in version `bold'
(Font)                  TU/lmr/m/n --> TU/lmr/bx/n on input line 7.
LaTeX Font Info:    Overwriting math alphabet `\mathit' in version `bold'
(Font)                  OT1/cmr/bx/it --> TU/lmr/bx/it on input line 7.
LaTeX Font Info:    Overwriting math alphabet `\mathsf' in version `bold'
(Font)                  OT1/cmss/bx/n --> TU/lmss/bx/n on input line 7.
LaTeX Font Info:    Overwriting math alphabet `\mathtt' in version `bold'
(Font)                  OT1/cmtt/m/n --> TU/lmtt/bx/n on input line 7.

*geometry* driver: auto-detecting
*geometry* detected driver: xetex
*geometry* verbose mode - [ preamble ] result:
* driver: xetex
* paper: <default>
* layout: <same size as paper>
* layoutoffset:(h,v)=(0.0pt,0.0pt)
* modes: 
* h-part:(L,W,R)=(90.3375pt, 433.62001pt, 90.3375pt)
* v-part:(T,H,B)=(72.26999pt, 650.43001pt, 72.26999pt)
* \paperwidth=614.295pt
* \paperheight=794.96999pt
* \textwidth=433.62001pt
* \textheight=650.43001pt
* \oddsidemargin=18.0675pt
* \evensidemargin=18.0675pt
* \topmargin=-37.0pt
* \headheight=12.0pt
* \headsep=25.0pt
* \topskip=11.0pt
* \footskip=30.0pt
* \marginparwidth=59.0pt
* \marginparsep=10.0pt
* \columnsep=10.0pt
* \skip\footins=10.0pt plus 4.0pt minus 2.0pt
* \hoffset=0.0pt
* \voffset=0.0pt
* \mag=1000
* \@twocolumnfalse
* \@twosidefalse
* \@mparswitchfalse
* \@reversemarginfalse
* (1in=72.27pt=25.4mm, 1cm=28.453pt)

Missing character: There is no 现 in font [lmroman17-regular]:mapping=tex-text;!
Missing character: There is no 代 in font [lmroman17-regular]:mapping=tex-text;!
Missing character: There is no 控 in font [lmroman17-regular]:mapping=tex-text;!
Missing character: There is no 制 in font [lmroman17-regular]:mapping=tex-text;!
Missing character: There is no 理 in font [lmroman17-regular]:mapping=tex-text;!
Missing character: There is no 论 in font [lmroman17-regular]:mapping=tex-text;!
Missing character: There is no 基 in font [lmroman17-regular]:mapping=tex-text;!
Missing character: There is no 础 in font [lmroman17-regular]:mapping=tex-text;!
Missing character: There is no 课 in font [lmroman17-regular]:mapping=tex-text;!
Missing character: There is no 程 in font [lmroman17-regular]:mapping=tex-text;!
Missing character: There is no 笔 in font [lmroman17-regular]:mapping=tex-text;!
Missing character: There is no 记 in font [lmroman17-regular]:mapping=tex-text;!
LaTeX Font Info:    External font `cmex10' loaded for size
(Font)              <12> on input line 12.
LaTeX Font Info:    External font `cmex10' loaded for size
(Font)              <8> on input line 12.
LaTeX Font Info:    External font `cmex10' loaded for size
(Font)              <6> on input line 12.
Missing character: There is no 控 in font [lmroman12-bold]:mapping=tex-text;!
Missing character: There is no 制 in font [lmroman12-bold]:mapping=tex-text;!
Missing character: There is no 系 in font [lmroman12-bold]:mapping=tex-text;!
Missing character: There is no 统 in font [lmroman12-bold]:mapping=tex-text;!
Missing character: There is no 的 in font [lmroman12-bold]:mapping=tex-text;!
Missing character: There is no 状 in font [lmroman12-bold]:mapping=tex-text;!
Missing character: There is no 态 in font [lmroman12-bold]:mapping=tex-text;!
Missing character: There is no 空 in font [lmroman12-bold]:mapping=tex-text;!
Missing character: There is no 间 in font [lmroman12-bold]:mapping=tex-text;!
Missing character: There is no 描 in font [lmroman12-bold]:mapping=tex-text;!
Missing character: There is no 述 in font [lmroman12-bold]:mapping=tex-text;!
Missing character: There is no 控 in font [lmroman12-bold]:mapping=tex-text;!
Missing character: There is no 制 in font [lmroman12-bold]:mapping=tex-text;!
Missing character: There is no 系 in font [lmroman12-bold]:mapping=tex-text;!
Missing character: There is no 统 in font [lmroman12-bold]:mapping=tex-text;!
Missing character: There is no 状 in font [lmroman12-bold]:mapping=tex-text;!
Missing character: There is no 态 in font [lmroman12-bold]:mapping=tex-text;!
Missing character: There is no 空 in font [lmroman12-bold]:mapping=tex-text;!
Missing character: There is no 间 in font [lmroman12-bold]:mapping=tex-text;!
Missing character: There is no 的 in font [lmroman12-bold]:mapping=tex-text;!
Missing character: There is no 基 in font [lmroman12-bold]:mapping=tex-text;!
Missing character: There is no 本 in font [lmroman12-bold]:mapping=tex-text;!
Missing character: There is no 概 in font [lmroman12-bold]:mapping=tex-text;!
Missing character: There is no 念 in font [lmroman12-bold]:mapping=tex-text;!
Missing character: There is no 由 in font [lmroman12-bold]:mapping=tex-text;!
Missing character: There is no 系 in font [lmroman12-bold]:mapping=tex-text;!
Missing character: There is no 统 in font [lmroman12-bold]:mapping=tex-text;!
Missing character: There is no 的 in font [lmroman12-bold]:mapping=tex-text;!
Missing character: There is no 物 in font [lmroman12-bold]:mapping=tex-text;!
Missing character: There is no 理 in font [lmroman12-bold]:mapping=tex-text;!
Missing character: There is no 模 in font [lmroman12-bold]:mapping=tex-text;!
Missing character: There is no 型 in font [lmroman12-bold]:mapping=tex-text;!
Missing character: There is no 建 in font [lmroman12-bold]:mapping=tex-text;!
Missing character: There is no 立 in font [lmroman12-bold]:mapping=tex-text;!
Missing character: There is no 状 in font [lmroman12-bold]:mapping=tex-text;!
Missing character: There is no 态 in font [lmroman12-bold]:mapping=tex-text;!
Missing character: There is no 空 in font [lmroman12-bold]:mapping=tex-text;!
Missing character: There is no 间 in font [lmroman12-bold]:mapping=tex-text;!
Missing character: There is no 表 in font [lmroman12-bold]:mapping=tex-text;!
Missing character: There is no 达 in font [lmroman12-bold]:mapping=tex-text;!
Missing character: There is no 式 in font [lmroman12-bold]:mapping=tex-text;!
Missing character: There is no 根 in font [lmroman12-bold]:mapping=tex-text;!
Missing character: There is no 据 in font [lmroman12-bold]:mapping=tex-text;!
Missing character: There is no 微 in font [lmroman12-bold]:mapping=tex-text;!
Missing character: There is no 分 in font [lmroman12-bold]:mapping=tex-text;!
Missing character: There is no 方 in font [lmroman12-bold]:mapping=tex-text;!
Missing character: There is no 程 in font [lmroman12-bold]:mapping=tex-text;!
Missing character: There is no 建 in font [lmroman12-bold]:mapping=tex-text;!
Missing character: There is no 立 in font [lmroman12-bold]:mapping=tex-text;!
Missing character: There is no 状 in font [lmroman12-bold]:mapping=tex-text;!
Missing character: There is no 态 in font [lmroman12-bold]:mapping=tex-text;!
Missing character: There is no 空 in font [lmroman12-bold]:mapping=tex-text;!
Missing character: There is no 间 in font [lmroman12-bold]:mapping=tex-text;!
Missing character: There is no 表 in font [lmroman12-bold]:mapping=tex-text;!
Missing character: There is no 达 in font [lmroman12-bold]:mapping=tex-text;!
Missing character: There is no 式 in font [lmroman12-bold]:mapping=tex-text;!
Missing character: There is no 微 in font [lmroman10-bold]:mapping=tex-text;!
Missing character: There is no 分 in font [lmroman10-bold]:mapping=tex-text;!
Missing character: There is no 方 in font [lmroman10-bold]:mapping=tex-text;!
Missing character: There is no 程 in font [lmroman10-bold]:mapping=tex-text;!
Missing character: There is no 中 in font [lmroman10-bold]:mapping=tex-text;!
Missing character: There is no 不 in font [lmroman10-bold]:mapping=tex-text;!
Missing character: There is no 含 in font [lmroman10-bold]:mapping=tex-text;!
Missing character: There is no 输 in font [lmroman10-bold]:mapping=tex-text;!
Missing character: There is no 入 in font [lmroman10-bold]:mapping=tex-text;!
Missing character: There is no 函 in font [lmroman10-bold]:mapping=tex-text;!
Missing character: There is no 数 in font [lmroman10-bold]:mapping=tex-text;!
Missing character: There is no 导 in font [lmroman10-bold]:mapping=tex-text;!
Missing character: There is no 数 in font [lmroman10-bold]:mapping=tex-text;!
Missing character: There is no 项 in font [lmroman10-bold]:mapping=tex-text;!
Missing character: There is no 输 in font [lmroman10-regular]:mapping=tex-text;!
Missing character: There is no 入 in font [lmroman10-regular]:mapping=tex-text;!
Missing character: There is no 函 in font [lmroman10-regular]:mapping=tex-text;!
Missing character: There is no 数 in font [lmroman10-regular]:mapping=tex-text;!
Missing character: There is no 中 in font [lmroman10-regular]:mapping=tex-text;!
Missing character: There is no 不 in font [lmroman10-regular]:mapping=tex-text;!
Missing character: There is no 含 in font [lmroman10-regular]:mapping=tex-text;!
Missing character: There is no 导 in font [lmroman10-regular]:mapping=tex-text;!
Missing character: There is no 入 in font [lmroman10-regular]:mapping=tex-text;!
Missing character: There is no 项 in font [lmroman10-regular]:mapping=tex-text;!
Missing character: There is no 时 in font [lmroman10-regular]:mapping=tex-text;!
Missing character: There is no 系 in font [lmroman10-regular]:mapping=tex-text;!
Missing character: There is no 统 in font [lmroman10-regular]:mapping=tex-text;!
Missing character: There is no 微 in font [lmroman10-regular]:mapping=tex-text;!
Missing character: There is no 分 in font [lmroman10-regular]:mapping=tex-text;!
Missing character: There is no 方 in font [lmroman10-regular]:mapping=tex-text;!
Missing character: There is no 程 in font [lmroman10-regular]:mapping=tex-text;!
Missing character: There is no ： in font [lmroman10-regular]:mapping=tex-text;!
LaTeX Font Info:    External font `cmex10' loaded for size
(Font)              <10.95> on input line 29.
Missing character: There is no 能 in font [lmroman10-bold]:mapping=tex-text;!
Missing character: There is no 控 in font [lmroman10-bold]:mapping=tex-text;!
Missing character: There is no 规 in font [lmroman10-bold]:mapping=tex-text;!
Missing character: There is no 范 in font [lmroman10-bold]:mapping=tex-text;!
Missing character: There is no 型 in font [lmroman10-bold]:mapping=tex-text;!
Missing character: There is no 友 in font [lmroman10-regular]:mapping=tex-text;!
Missing character: There is no 矩 in font [lmroman10-regular]:mapping=tex-text;!
Missing character: There is no 阵 in font [lmroman10-regular]:mapping=tex-text;!
Missing character: There is no 微 in font [lmroman10-bold]:mapping=tex-text;!
Missing character: There is no 分 in font [lmroman10-bold]:mapping=tex-text;!
Missing character: There is no 方 in font [lmroman10-bold]:mapping=tex-text;!
Missing character: There is no 程 in font [lmroman10-bold]:mapping=tex-text;!
Missing character: There is no 中 in font [lmroman10-bold]:mapping=tex-text;!
Missing character: There is no 含 in font [lmroman10-bold]:mapping=tex-text;!
Missing character: There is no 输 in font [lmroman10-bold]:mapping=tex-text;!
Missing character: There is no 入 in font [lmroman10-bold]:mapping=tex-text;!
Missing character: There is no 函 in font [lmroman10-bold]:mapping=tex-text;!
Missing character: There is no 数 in font [lmroman10-bold]:mapping=tex-text;!
Missing character: There is no 导 in font [lmroman10-bold]:mapping=tex-text;!
Missing character: There is no 数 in font [lmroman10-bold]:mapping=tex-text;!
Missing character: There is no 项 in font [lmroman10-bold]:mapping=tex-text;!
Missing character: There is no 系 in font [lmroman12-bold]:mapping=tex-text;!
Missing character: There is no 统 in font [lmroman12-bold]:mapping=tex-text;!
Missing character: There is no 传 in font [lmroman12-bold]:mapping=tex-text;!
Missing character: There is no 递 in font [lmroman12-bold]:mapping=tex-text;!
Missing character: There is no 函 in font [lmroman12-bold]:mapping=tex-text;!
Missing character: There is no 数 in font [lmroman12-bold]:mapping=tex-text;!
Missing character: There is no 矩 in font [lmroman12-bold]:mapping=tex-text;!
Missing character: There is no 阵 in font [lmroman12-bold]:mapping=tex-text;!
Missing character: There is no 与 in font [lmroman12-bold]:mapping=tex-text;!
Missing character: There is no 状 in font [lmroman12-bold]:mapping=tex-text;!
Missing character: There is no 态 in font [lmroman12-bold]:mapping=tex-text;!
Missing character: There is no 空 in font [lmroman12-bold]:mapping=tex-text;!
Missing character: There is no 间 in font [lmroman12-bold]:mapping=tex-text;!
Missing character: There is no 表 in font [lmroman12-bold]:mapping=tex-text;!
Missing character: There is no 达 in font [lmroman12-bold]:mapping=tex-text;!
Missing character: There is no 式 in font [lmroman12-bold]:mapping=tex-text;!
Missing character: There is no 的 in font [lmroman12-bold]:mapping=tex-text;!
Missing character: There is no 相 in font [lmroman12-bold]:mapping=tex-text;!
Missing character: There is no 互 in font [lmroman12-bold]:mapping=tex-text;!
Missing character: There is no 转 in font [lmroman12-bold]:mapping=tex-text;!
Missing character: There is no 换 in font [lmroman12-bold]:mapping=tex-text;!
Missing character: There is no 系 in font [lmroman10-bold]:mapping=tex-text;!
Missing character: There is no 统 in font [lmroman10-bold]:mapping=tex-text;!
Missing character: There is no 传 in font [lmroman10-bold]:mapping=tex-text;!
Missing character: There is no 递 in font [lmroman10-bold]:mapping=tex-text;!
Missing character: There is no 函 in font [lmroman10-bold]:mapping=tex-text;!
Missing character: There is no 数 in font [lmroman10-bold]:mapping=tex-text;!
Missing character: There is no 直 in font [lmroman10-bold]:mapping=tex-text;!
Missing character: There is no 接 in font [lmroman10-bold]:mapping=tex-text;!
Missing character: There is no 分 in font [lmroman10-bold]:mapping=tex-text;!
Missing character: There is no 解 in font [lmroman10-bold]:mapping=tex-text;!
Missing character: There is no 法 in font [lmroman10-bold]:mapping=tex-text;!
Missing character: There is no 根 in font [lmroman10-bold]:mapping=tex-text;!
Missing character: There is no 据 in font [lmroman10-bold]:mapping=tex-text;!
Missing character: There is no 传 in font [lmroman10-bold]:mapping=tex-text;!
Missing character: There is no 递 in font [lmroman10-bold]:mapping=tex-text;!
Missing character: There is no 函 in font [lmroman10-bold]:mapping=tex-text;!
Missing character: There is no 数 in font [lmroman10-bold]:mapping=tex-text;!
Missing character: There is no 的 in font [lmroman10-bold]:mapping=tex-text;!
Missing character: There is no 分 in font [lmroman10-bold]:mapping=tex-text;!
Missing character: There is no 布 in font [lmroman10-bold]:mapping=tex-text;!
Missing character: There is no 情 in font [lmroman10-bold]:mapping=tex-text;!
Missing character: There is no 况 in font [lmroman10-bold]:mapping=tex-text;!
Missing character: There is no 建 in font [lmroman10-bold]:mapping=tex-text;!
Missing character: There is no 立 in font [lmroman10-bold]:mapping=tex-text;!
Missing character: There is no 系 in font [lmroman10-bold]:mapping=tex-text;!
Missing character: There is no 统 in font [lmroman10-bold]:mapping=tex-text;!
Missing character: There is no 状 in font [lmroman10-bold]:mapping=tex-text;!
Missing character: There is no 态 in font [lmroman10-bold]:mapping=tex-text;!
Missing character: There is no 空 in font [lmroman10-bold]:mapping=tex-text;!
Missing character: There is no 间 in font [lmroman10-bold]:mapping=tex-text;!
Missing character: There is no 表 in font [lmroman10-bold]:mapping=tex-text;!
Missing character: There is no 达 in font [lmroman10-bold]:mapping=tex-text;!
Missing character: There is no 式 in font [lmroman10-bold]:mapping=tex-text;!
Missing character: There is no 传 in font [lmroman10-bold]:mapping=tex-text;!
Missing character: There is no 递 in font [lmroman10-bold]:mapping=tex-text;!
Missing character: There is no 函 in font [lmroman10-bold]:mapping=tex-text;!
Missing character: There is no 数 in font [lmroman10-bold]:mapping=tex-text;!
Missing character: There is no 极 in font [lmroman10-bold]:mapping=tex-text;!
Missing character: There is no 点 in font [lmroman10-bold]:mapping=tex-text;!
Missing character: There is no 互 in font [lmroman10-bold]:mapping=tex-text;!
Missing character: There is no 异 in font [lmroman10-bold]:mapping=tex-text;!
[1

] (temp/0x01.aux) ) 
Here is how much of TeX's memory you used:
 16543 strings out of 492922
 335172 string characters out of 6138851
 394935 words of memory out of 5000000
 20548 multiletter control sequences out of 15000+600000
 536086 words of font info for 48 fonts, out of 8000000 for 9000
 1348 hyphenation exceptions out of 8191
 40i,10n,39p,391b,446s stack positions out of 5000i,500n,10000p,200000b,80000s

Output written on temp/0x01.pdf (1 page).
